<?xml version="1.0" encoding="UTF-8"?>
<!-- Generated by org.testng.reporters.JUnitReportReporter -->
<testsuite skipped="0" hostname="DESKTOP-TIODUK5" name="Selenium.MavenScenary.Wonderla" tests="1" failures="0" timestamp="2019-09-11T13:36:35 IST" time="10.642" errors="0">
  <testcase name="f" time="10.642" classname="Selenium.MavenScenary.Wonderla"/>
</testsuite> <!-- Selenium.MavenScenary.Wonderla -->
