<?xml version="1.0" encoding="UTF-8"?>
<!-- Generated by org.testng.reporters.JUnitReportReporter -->
<testsuite skipped="0" hostname="DESKTOP-TIODUK5" name="Selenium.MavenScenary.Pdf2docTest" tests="1" failures="0" timestamp="2019-09-03T11:29:31 IST" time="0.212" errors="0">
  <testcase name="f" time="0.212" classname="Selenium.MavenScenary.Pdf2docTest"/>
</testsuite> <!-- Selenium.MavenScenary.Pdf2docTest -->
