<?xml version="1.0" encoding="UTF-8"?>
<!-- Generated by org.testng.reporters.JUnitReportReporter -->
<testsuite skipped="0" hostname="DESKTOP-TIODUK5" name="Selenium.MavenScenary.FbTest" tests="1" failures="0" timestamp="2019-09-11T14:04:37 IST" time="10.432" errors="0">
  <testcase name="f" time="10.432" classname="Selenium.MavenScenary.FbTest"/>
</testsuite> <!-- Selenium.MavenScenary.FbTest -->
